<?xml version="1.0" encoding="UTF-8"?>
<coverage generated="1607378283128" clover="3.2.0">
  <project timestamp="1607378283129" name="All files">
    <metrics statements="70" coveredstatements="60" conditionals="26" coveredconditionals="22" methods="26" coveredmethods="22" elements="122" coveredelements="104" complexity="0" loc="70" ncloc="70" packages="8" files="14" classes="14"/>
    <package name="src">
      <metrics statements="18" coveredstatements="8" conditionals="4" coveredconditionals="0" methods="7" coveredmethods="3"/>
      <file name="App.js" path="/Users/raudelgar86/Documents/Javascritp/sandbox/react-projects/react-test-projects/udemy/bonnie-course/jotto-redux/src/App.js">
        <metrics statements="8" coveredstatements="8" conditionals="0" coveredconditionals="0" methods="5" coveredmethods="3"/>
        <line num="9" count="1" type="stmt"/>
        <line num="10" count="4" type="stmt"/>
        <line num="11" count="4" type="stmt"/>
        <line num="12" count="4" type="stmt"/>
        <line num="13" count="4" type="stmt"/>
        <line num="15" count="4" type="stmt"/>
        <line num="16" count="4" type="stmt"/>
        <line num="19" count="4" type="stmt"/>
      </file>
      <file name="index.js" path="/Users/raudelgar86/Documents/Javascritp/sandbox/react-projects/react-test-projects/udemy/bonnie-course/jotto-redux/src/index.js">
        <metrics statements="2" coveredstatements="0" conditionals="0" coveredconditionals="0" methods="0" coveredmethods="0"/>
        <line num="11" count="0" type="stmt"/>
        <line num="23" count="0" type="stmt"/>
      </file>
      <file name="reportWebVitals.js" path="/Users/raudelgar86/Documents/Javascritp/sandbox/react-projects/react-test-projects/udemy/bonnie-course/jotto-redux/src/reportWebVitals.js">
        <metrics statements="8" coveredstatements="0" conditionals="4" coveredconditionals="0" methods="2" coveredmethods="0"/>
        <line num="1" count="0" type="stmt"/>
        <line num="2" count="0" type="cond" truecount="0" falsecount="4"/>
        <line num="3" count="0" type="stmt"/>
        <line num="4" count="0" type="stmt"/>
        <line num="5" count="0" type="stmt"/>
        <line num="6" count="0" type="stmt"/>
        <line num="7" count="0" type="stmt"/>
        <line num="8" count="0" type="stmt"/>
      </file>
    </package>
    <package name="src.actions">
      <metrics statements="11" coveredstatements="11" conditionals="2" coveredconditionals="2" methods="6" coveredmethods="6"/>
      <file name="actions.js" path="/Users/raudelgar86/Documents/Javascritp/sandbox/react-projects/react-test-projects/udemy/bonnie-course/jotto-redux/src/actions/actions.js">
        <metrics statements="11" coveredstatements="11" conditionals="2" coveredconditionals="2" methods="6" coveredmethods="6"/>
        <line num="4" count="10" type="stmt"/>
        <line num="15" count="1" type="stmt"/>
        <line num="25" count="9" type="stmt"/>
        <line num="26" count="8" type="stmt"/>
        <line num="27" count="8" type="stmt"/>
        <line num="28" count="8" type="stmt"/>
        <line num="35" count="8" type="cond" truecount="2" falsecount="0"/>
        <line num="36" count="4" type="stmt"/>
        <line num="48" count="5" type="stmt"/>
        <line num="49" count="1" type="stmt"/>
        <line num="52" count="1" type="stmt"/>
      </file>
    </package>
    <package name="src.components.congrats">
      <metrics statements="5" coveredstatements="5" conditionals="2" coveredconditionals="2" methods="1" coveredmethods="1"/>
      <file name="Congrats.js" path="/Users/raudelgar86/Documents/Javascritp/sandbox/react-projects/react-test-projects/udemy/bonnie-course/jotto-redux/src/components/congrats/Congrats.js">
        <metrics statements="5" coveredstatements="5" conditionals="2" coveredconditionals="2" methods="1" coveredmethods="1"/>
        <line num="9" count="2" type="stmt"/>
        <line num="10" count="7" type="cond" truecount="2" falsecount="0"/>
        <line num="11" count="6" type="stmt"/>
        <line num="13" count="1" type="stmt"/>
        <line num="20" count="2" type="stmt"/>
      </file>
    </package>
    <package name="src.components.guesswords">
      <metrics statements="8" coveredstatements="8" conditionals="3" coveredconditionals="3" methods="2" coveredmethods="2"/>
      <file name="GuessWords.js" path="/Users/raudelgar86/Documents/Javascritp/sandbox/react-projects/react-test-projects/udemy/bonnie-course/jotto-redux/src/components/guesswords/GuessWords.js">
        <metrics statements="8" coveredstatements="8" conditionals="3" coveredconditionals="3" methods="2" coveredmethods="2"/>
        <line num="10" count="2" type="cond" truecount="1" falsecount="0"/>
        <line num="12" count="9" type="cond" truecount="2" falsecount="0"/>
        <line num="13" count="6" type="stmt"/>
        <line num="19" count="3" type="stmt"/>
        <line num="20" count="9" type="stmt"/>
        <line num="25" count="3" type="stmt"/>
        <line num="41" count="9" type="stmt"/>
        <line num="44" count="2" type="stmt"/>
      </file>
    </package>
    <package name="src.components.input">
      <metrics statements="10" coveredstatements="10" conditionals="2" coveredconditionals="2" methods="5" coveredmethods="5"/>
      <file name="Input.js" path="/Users/raudelgar86/Documents/Javascritp/sandbox/react-projects/react-test-projects/udemy/bonnie-course/jotto-redux/src/components/input/Input.js">
        <metrics statements="8" coveredstatements="8" conditionals="2" coveredconditionals="2" methods="3" coveredmethods="3"/>
        <line num="8" count="2" type="stmt"/>
        <line num="9" count="9" type="stmt"/>
        <line num="10" count="9" type="stmt"/>
        <line num="11" count="9" type="stmt"/>
        <line num="12" count="1" type="stmt"/>
        <line num="14" count="9" type="cond" truecount="2" falsecount="0"/>
        <line num="15" count="8" type="stmt"/>
        <line num="40" count="1" type="stmt"/>
      </file>
      <file name="InputComponent.js" path="/Users/raudelgar86/Documents/Javascritp/sandbox/react-projects/react-test-projects/udemy/bonnie-course/jotto-redux/src/components/input/InputComponent.js">
        <metrics statements="2" coveredstatements="2" conditionals="0" coveredconditionals="0" methods="2" coveredmethods="2"/>
        <line num="6" count="6" type="stmt"/>
        <line num="10" count="6" type="stmt"/>
      </file>
    </package>
    <package name="src.reducers">
      <metrics statements="9" coveredstatements="9" conditionals="9" coveredconditionals="9" methods="3" coveredmethods="3"/>
      <file name="guessedWordsReducer.js" path="/Users/raudelgar86/Documents/Javascritp/sandbox/react-projects/react-test-projects/udemy/bonnie-course/jotto-redux/src/reducers/guessedWordsReducer.js">
        <metrics statements="3" coveredstatements="3" conditionals="3" coveredconditionals="3" methods="1" coveredmethods="1"/>
        <line num="9" count="62" type="cond" truecount="2" falsecount="0"/>
        <line num="11" count="8" type="stmt"/>
        <line num="13" count="54" type="stmt"/>
      </file>
      <file name="rootReducer.js" path="/Users/raudelgar86/Documents/Javascritp/sandbox/react-projects/react-test-projects/udemy/bonnie-course/jotto-redux/src/reducers/rootReducer.js">
        <metrics statements="0" coveredstatements="0" conditionals="0" coveredconditionals="0" methods="0" coveredmethods="0"/>
      </file>
      <file name="secretWordReducer.js" path="/Users/raudelgar86/Documents/Javascritp/sandbox/react-projects/react-test-projects/udemy/bonnie-course/jotto-redux/src/reducers/secretWordReducer.js">
        <metrics statements="3" coveredstatements="3" conditionals="3" coveredconditionals="3" methods="1" coveredmethods="1"/>
        <line num="9" count="62" type="cond" truecount="2" falsecount="0"/>
        <line num="11" count="1" type="stmt"/>
        <line num="13" count="61" type="stmt"/>
      </file>
      <file name="successReducer.js" path="/Users/raudelgar86/Documents/Javascritp/sandbox/react-projects/react-test-projects/udemy/bonnie-course/jotto-redux/src/reducers/successReducer.js">
        <metrics statements="3" coveredstatements="3" conditionals="3" coveredconditionals="3" methods="1" coveredmethods="1"/>
        <line num="9" count="64" type="cond" truecount="2" falsecount="0"/>
        <line num="11" count="5" type="stmt"/>
        <line num="13" count="59" type="stmt"/>
      </file>
    </package>
    <package name="src.redux">
      <metrics statements="3" coveredstatements="3" conditionals="2" coveredconditionals="2" methods="0" coveredmethods="0"/>
      <file name="configureStore.js" path="/Users/raudelgar86/Documents/Javascritp/sandbox/react-projects/react-test-projects/udemy/bonnie-course/jotto-redux/src/redux/configureStore.js">
        <metrics statements="3" coveredstatements="3" conditionals="2" coveredconditionals="2" methods="0" coveredmethods="0"/>
        <line num="5" count="10" type="cond" truecount="2" falsecount="0"/>
        <line num="7" count="10" type="stmt"/>
        <line num="8" count="10" type="stmt"/>
      </file>
    </package>
    <package name="src.utils">
      <metrics statements="6" coveredstatements="6" conditionals="2" coveredconditionals="2" methods="2" coveredmethods="2"/>
      <file name="helpers.js" path="/Users/raudelgar86/Documents/Javascritp/sandbox/react-projects/react-test-projects/udemy/bonnie-course/jotto-redux/src/utils/helpers.js">
        <metrics statements="6" coveredstatements="6" conditionals="2" coveredconditionals="2" methods="2" coveredmethods="2"/>
        <line num="9" count="10" type="stmt"/>
        <line num="10" count="13" type="cond" truecount="2" falsecount="0"/>
        <line num="11" count="1" type="stmt"/>
        <line num="13" count="12" type="stmt"/>
        <line num="14" count="12" type="stmt"/>
        <line num="15" count="60" type="stmt"/>
      </file>
    </package>
  </project>
</coverage>
