{"/Users/raudelgar86/Documents/Javascritp/sandbox/react-projects/react-test-projects/udemy/bonnie-course/jotto-redux/src/App.js": {"path":"/Users/raudelgar86/Documents/Javascritp/sandbox/react-projects/react-test-projects/udemy/bonnie-course/jotto-redux/src/App.js","statementMap":{"0":{"start":{"line":9,"column":12},"end":{"line":28,"column":1}},"1":{"start":{"line":10,"column":17},"end":{"line":10,"column":52}},"2":{"start":{"line":10,"column":38},"end":{"line":10,"column":51}},"3":{"start":{"line":11,"column":22},"end":{"line":11,"column":62}},"4":{"start":{"line":11,"column":43},"end":{"line":11,"column":61}},"5":{"start":{"line":12,"column":20},"end":{"line":12,"column":58}},"6":{"start":{"line":12,"column":41},"end":{"line":12,"column":57}},"7":{"start":{"line":13,"column":18},"end":{"line":13,"column":31}},"8":{"start":{"line":15,"column":1},"end":{"line":17,"column":7}},"9":{"start":{"line":16,"column":2},"end":{"line":16,"column":27}},"10":{"start":{"line":19,"column":1},"end":{"line":27,"column":3}}},"fnMap":{"0":{"name":"(anonymous_0)","decl":{"start":{"line":9,"column":12},"end":{"line":9,"column":13}},"loc":{"start":{"line":9,"column":18},"end":{"line":28,"column":1}},"line":9},"1":{"name":"(anonymous_1)","decl":{"start":{"line":10,"column":29},"end":{"line":10,"column":30}},"loc":{"start":{"line":10,"column":38},"end":{"line":10,"column":51}},"line":10},"2":{"name":"(anonymous_2)","decl":{"start":{"line":11,"column":34},"end":{"line":11,"column":35}},"loc":{"start":{"line":11,"column":43},"end":{"line":11,"column":61}},"line":11},"3":{"name":"(anonymous_3)","decl":{"start":{"line":12,"column":32},"end":{"line":12,"column":33}},"loc":{"start":{"line":12,"column":41},"end":{"line":12,"column":57}},"line":12},"4":{"name":"(anonymous_4)","decl":{"start":{"line":15,"column":11},"end":{"line":15,"column":12}},"loc":{"start":{"line":15,"column":17},"end":{"line":17,"column":2}},"line":15}},"branchMap":{},"s":{"0":1,"1":4,"2":4,"3":4,"4":0,"5":4,"6":0,"7":4,"8":4,"9":4,"10":4},"f":{"0":4,"1":4,"2":0,"3":0,"4":4},"b":{},"_coverageSchema":"1a1c01bbd47fc00a2c39e90264f33305004495a9","hash":"eb602f0949155c7ae96b650dbf8d15ef81e07353"}
,"/Users/raudelgar86/Documents/Javascritp/sandbox/react-projects/react-test-projects/udemy/bonnie-course/jotto-redux/src/index.js": {"path":"/Users/raudelgar86/Documents/Javascritp/sandbox/react-projects/react-test-projects/udemy/bonnie-course/jotto-redux/src/index.js","statementMap":{"0":{"start":{"line":11,"column":0},"end":{"line":18,"column":2}},"1":{"start":{"line":23,"column":0},"end":{"line":23,"column":18}}},"fnMap":{},"branchMap":{},"s":{"0":0,"1":0},"f":{},"b":{}}
,"/Users/raudelgar86/Documents/Javascritp/sandbox/react-projects/react-test-projects/udemy/bonnie-course/jotto-redux/src/reportWebVitals.js": {"path":"/Users/raudelgar86/Documents/Javascritp/sandbox/react-projects/react-test-projects/udemy/bonnie-course/jotto-redux/src/reportWebVitals.js","statementMap":{"0":{"start":{"line":1,"column":24},"end":{"line":11,"column":1}},"1":{"start":{"line":2,"column":2},"end":{"line":10,"column":3}},"2":{"start":{"line":3,"column":4},"end":{"line":9,"column":7}},"3":{"start":{"line":4,"column":6},"end":{"line":4,"column":26}},"4":{"start":{"line":5,"column":6},"end":{"line":5,"column":26}},"5":{"start":{"line":6,"column":6},"end":{"line":6,"column":26}},"6":{"start":{"line":7,"column":6},"end":{"line":7,"column":26}},"7":{"start":{"line":8,"column":6},"end":{"line":8,"column":27}}},"fnMap":{"0":{"name":"(anonymous_0)","decl":{"start":{"line":1,"column":24},"end":{"line":1,"column":25}},"loc":{"start":{"line":1,"column":39},"end":{"line":11,"column":1}},"line":1},"1":{"name":"(anonymous_1)","decl":{"start":{"line":3,"column":30},"end":{"line":3,"column":31}},"loc":{"start":{"line":3,"column":79},"end":{"line":9,"column":5}},"line":3}},"branchMap":{"0":{"loc":{"start":{"line":2,"column":2},"end":{"line":10,"column":3}},"type":"if","locations":[{"start":{"line":2,"column":2},"end":{"line":10,"column":3}},{"start":{"line":2,"column":2},"end":{"line":10,"column":3}}],"line":2},"1":{"loc":{"start":{"line":2,"column":6},"end":{"line":2,"column":52}},"type":"binary-expr","locations":[{"start":{"line":2,"column":6},"end":{"line":2,"column":17}},{"start":{"line":2,"column":21},"end":{"line":2,"column":52}}],"line":2}},"s":{"0":0,"1":0,"2":0,"3":0,"4":0,"5":0,"6":0,"7":0},"f":{"0":0,"1":0},"b":{"0":[0,0],"1":[0,0]}}
,"/Users/raudelgar86/Documents/Javascritp/sandbox/react-projects/react-test-projects/udemy/bonnie-course/jotto-redux/src/actions/actions.js": {"path":"/Users/raudelgar86/Documents/Javascritp/sandbox/react-projects/react-test-projects/udemy/bonnie-course/jotto-redux/src/actions/actions.js","statementMap":{"0":{"start":{"line":4,"column":27},"end":{"line":8,"column":1}},"1":{"start":{"line":15,"column":1},"end":{"line":17,"column":3}},"2":{"start":{"line":25,"column":1},"end":{"line":40,"column":3}},"3":{"start":{"line":26,"column":25},"end":{"line":26,"column":35}},"4":{"start":{"line":27,"column":27},"end":{"line":27,"column":69}},"5":{"start":{"line":28,"column":2},"end":{"line":34,"column":5}},"6":{"start":{"line":35,"column":2},"end":{"line":39,"column":3}},"7":{"start":{"line":36,"column":3},"end":{"line":38,"column":6}},"8":{"start":{"line":48,"column":1},"end":{"line":54,"column":3}},"9":{"start":{"line":49,"column":2},"end":{"line":53,"column":5}},"10":{"start":{"line":52,"column":4},"end":{"line":52,"column":70}}},"fnMap":{"0":{"name":"correctGuess","decl":{"start":{"line":14,"column":16},"end":{"line":14,"column":28}},"loc":{"start":{"line":14,"column":31},"end":{"line":18,"column":1}},"line":14},"1":{"name":"guessWord","decl":{"start":{"line":24,"column":16},"end":{"line":24,"column":25}},"loc":{"start":{"line":24,"column":37},"end":{"line":41,"column":1}},"line":24},"2":{"name":"(anonymous_2)","decl":{"start":{"line":25,"column":8},"end":{"line":25,"column":9}},"loc":{"start":{"line":25,"column":32},"end":{"line":40,"column":2}},"line":25},"3":{"name":"getSecretWord","decl":{"start":{"line":47,"column":16},"end":{"line":47,"column":29}},"loc":{"start":{"line":47,"column":32},"end":{"line":55,"column":1}},"line":47},"4":{"name":"(anonymous_4)","decl":{"start":{"line":48,"column":8},"end":{"line":48,"column":9}},"loc":{"start":{"line":48,"column":22},"end":{"line":54,"column":2}},"line":48},"5":{"name":"(anonymous_5)","decl":{"start":{"line":51,"column":9},"end":{"line":51,"column":10}},"loc":{"start":{"line":52,"column":4},"end":{"line":52,"column":70}},"line":52}},"branchMap":{"0":{"loc":{"start":{"line":35,"column":2},"end":{"line":39,"column":3}},"type":"if","locations":[{"start":{"line":35,"column":2},"end":{"line":39,"column":3}},{"start":{"line":35,"column":2},"end":{"line":39,"column":3}}],"line":35}},"s":{"0":10,"1":1,"2":9,"3":8,"4":8,"5":8,"6":8,"7":4,"8":5,"9":1,"10":1},"f":{"0":1,"1":9,"2":8,"3":5,"4":1,"5":1},"b":{"0":[4,4]},"_coverageSchema":"1a1c01bbd47fc00a2c39e90264f33305004495a9","hash":"55ca10e4deee5594cd42b6fc8c31e2d23ba82b48"}
,"/Users/raudelgar86/Documents/Javascritp/sandbox/react-projects/react-test-projects/udemy/bonnie-course/jotto-redux/src/components/congrats/Congrats.js": {"path":"/Users/raudelgar86/Documents/Javascritp/sandbox/react-projects/react-test-projects/udemy/bonnie-course/jotto-redux/src/components/congrats/Congrats.js","statementMap":{"0":{"start":{"line":9,"column":17},"end":{"line":18,"column":1}},"1":{"start":{"line":10,"column":1},"end":{"line":12,"column":2}},"2":{"start":{"line":11,"column":2},"end":{"line":11,"column":14}},"3":{"start":{"line":13,"column":1},"end":{"line":17,"column":3}},"4":{"start":{"line":20,"column":0},"end":{"line":22,"column":2}}},"fnMap":{"0":{"name":"(anonymous_0)","decl":{"start":{"line":9,"column":17},"end":{"line":9,"column":18}},"loc":{"start":{"line":9,"column":34},"end":{"line":18,"column":1}},"line":9}},"branchMap":{"0":{"loc":{"start":{"line":10,"column":1},"end":{"line":12,"column":2}},"type":"if","locations":[{"start":{"line":10,"column":1},"end":{"line":12,"column":2}},{"start":{"line":10,"column":1},"end":{"line":12,"column":2}}],"line":10}},"s":{"0":2,"1":7,"2":6,"3":1,"4":2},"f":{"0":7},"b":{"0":[6,1]},"_coverageSchema":"1a1c01bbd47fc00a2c39e90264f33305004495a9","hash":"ac6eca574183d8ea18c44143b88f3b38526d1ceb"}
,"/Users/raudelgar86/Documents/Javascritp/sandbox/react-projects/react-test-projects/udemy/bonnie-course/jotto-redux/src/components/guesswords/GuessWords.js": {"path":"/Users/raudelgar86/Documents/Javascritp/sandbox/react-projects/react-test-projects/udemy/bonnie-course/jotto-redux/src/components/guesswords/GuessWords.js","statementMap":{"0":{"start":{"line":10,"column":19},"end":{"line":42,"column":1}},"1":{"start":{"line":12,"column":1},"end":{"line":39,"column":2}},"2":{"start":{"line":13,"column":2},"end":{"line":17,"column":4}},"3":{"start":{"line":19,"column":24},"end":{"line":24,"column":4}},"4":{"start":{"line":20,"column":3},"end":{"line":23,"column":8}},"5":{"start":{"line":25,"column":2},"end":{"line":38,"column":4}},"6":{"start":{"line":41,"column":1},"end":{"line":41,"column":29}},"7":{"start":{"line":44,"column":0},"end":{"line":51,"column":2}}},"fnMap":{"0":{"name":"(anonymous_0)","decl":{"start":{"line":10,"column":19},"end":{"line":10,"column":20}},"loc":{"start":{"line":10,"column":46},"end":{"line":42,"column":1}},"line":10},"1":{"name":"(anonymous_1)","decl":{"start":{"line":19,"column":41},"end":{"line":19,"column":42}},"loc":{"start":{"line":20,"column":3},"end":{"line":23,"column":8}},"line":20}},"branchMap":{"0":{"loc":{"start":{"line":10,"column":22},"end":{"line":10,"column":39}},"type":"default-arg","locations":[{"start":{"line":10,"column":37},"end":{"line":10,"column":39}}],"line":10},"1":{"loc":{"start":{"line":12,"column":1},"end":{"line":39,"column":2}},"type":"if","locations":[{"start":{"line":12,"column":1},"end":{"line":39,"column":2}},{"start":{"line":12,"column":1},"end":{"line":39,"column":2}}],"line":12}},"s":{"0":2,"1":9,"2":6,"3":3,"4":9,"5":3,"6":9,"7":2},"f":{"0":9,"1":9},"b":{"0":[4],"1":[6,3]},"_coverageSchema":"1a1c01bbd47fc00a2c39e90264f33305004495a9","hash":"c2bbf5a0f539fed62b47f37211a4d5b4183e2ff1"}
,"/Users/raudelgar86/Documents/Javascritp/sandbox/react-projects/react-test-projects/udemy/bonnie-course/jotto-redux/src/components/input/Input.js": {"path":"/Users/raudelgar86/Documents/Javascritp/sandbox/react-projects/react-test-projects/udemy/bonnie-course/jotto-redux/src/components/input/Input.js","statementMap":{"0":{"start":{"line":8,"column":14},"end":{"line":41,"column":1}},"1":{"start":{"line":9,"column":17},"end":{"line":9,"column":54}},"2":{"start":{"line":9,"column":40},"end":{"line":9,"column":53}},"3":{"start":{"line":10,"column":18},"end":{"line":10,"column":31}},"4":{"start":{"line":11,"column":22},"end":{"line":13,"column":2}},"5":{"start":{"line":12,"column":2},"end":{"line":12,"column":23}},"6":{"start":{"line":14,"column":1},"end":{"line":38,"column":2}},"7":{"start":{"line":15,"column":2},"end":{"line":37,"column":4}},"8":{"start":{"line":40,"column":1},"end":{"line":40,"column":13}}},"fnMap":{"0":{"name":"(anonymous_0)","decl":{"start":{"line":8,"column":14},"end":{"line":8,"column":15}},"loc":{"start":{"line":8,"column":20},"end":{"line":41,"column":1}},"line":8},"1":{"name":"(anonymous_1)","decl":{"start":{"line":9,"column":29},"end":{"line":9,"column":30}},"loc":{"start":{"line":9,"column":40},"end":{"line":9,"column":53}},"line":9},"2":{"name":"(anonymous_2)","decl":{"start":{"line":11,"column":22},"end":{"line":11,"column":23}},"loc":{"start":{"line":11,"column":28},"end":{"line":13,"column":2}},"line":11}},"branchMap":{"0":{"loc":{"start":{"line":14,"column":1},"end":{"line":38,"column":2}},"type":"if","locations":[{"start":{"line":14,"column":1},"end":{"line":38,"column":2}},{"start":{"line":14,"column":1},"end":{"line":38,"column":2}}],"line":14}},"s":{"0":2,"1":9,"2":5,"3":9,"4":9,"5":1,"6":9,"7":8,"8":1},"f":{"0":9,"1":5,"2":1},"b":{"0":[8,1]},"_coverageSchema":"1a1c01bbd47fc00a2c39e90264f33305004495a9","hash":"2a029908b7c9279bc7a7dd0666d07eb19167a54f"}
,"/Users/raudelgar86/Documents/Javascritp/sandbox/react-projects/react-test-projects/udemy/bonnie-course/jotto-redux/src/components/input/InputComponent.js": {"path":"/Users/raudelgar86/Documents/Javascritp/sandbox/react-projects/react-test-projects/udemy/bonnie-course/jotto-redux/src/components/input/InputComponent.js","statementMap":{"0":{"start":{"line":6,"column":2},"end":{"line":6,"column":51}},"1":{"start":{"line":10,"column":24},"end":{"line":10,"column":39}},"2":{"start":{"line":10,"column":36},"end":{"line":10,"column":38}}},"fnMap":{"0":{"name":"(anonymous_0)","decl":{"start":{"line":5,"column":1},"end":{"line":5,"column":2}},"loc":{"start":{"line":5,"column":10},"end":{"line":7,"column":2}},"line":5},"1":{"name":"(anonymous_1)","decl":{"start":{"line":10,"column":24},"end":{"line":10,"column":25}},"loc":{"start":{"line":10,"column":36},"end":{"line":10,"column":38}},"line":10}},"branchMap":{},"s":{"0":6,"1":1,"2":6},"f":{"0":6,"1":6},"b":{},"_coverageSchema":"1a1c01bbd47fc00a2c39e90264f33305004495a9","hash":"aa7b5947345381f592239442a40c2981c98dbfea"}
,"/Users/raudelgar86/Documents/Javascritp/sandbox/react-projects/react-test-projects/udemy/bonnie-course/jotto-redux/src/reducers/guessedWordsReducer.js": {"path":"/Users/raudelgar86/Documents/Javascritp/sandbox/react-projects/react-test-projects/udemy/bonnie-course/jotto-redux/src/reducers/guessedWordsReducer.js","statementMap":{"0":{"start":{"line":9,"column":1},"end":{"line":14,"column":2}},"1":{"start":{"line":11,"column":3},"end":{"line":11,"column":30}},"2":{"start":{"line":13,"column":3},"end":{"line":13,"column":16}}},"fnMap":{"0":{"name":"guessedWordsReducer","decl":{"start":{"line":8,"column":16},"end":{"line":8,"column":35}},"loc":{"start":{"line":8,"column":67},"end":{"line":15,"column":1}},"line":8}},"branchMap":{"0":{"loc":{"start":{"line":8,"column":36},"end":{"line":8,"column":46}},"type":"default-arg","locations":[{"start":{"line":8,"column":44},"end":{"line":8,"column":46}}],"line":8},"1":{"loc":{"start":{"line":9,"column":1},"end":{"line":14,"column":2}},"type":"switch","locations":[{"start":{"line":10,"column":2},"end":{"line":11,"column":30}},{"start":{"line":12,"column":2},"end":{"line":13,"column":16}}],"line":9}},"s":{"0":62,"1":8,"2":54},"f":{"0":62},"b":{"0":[43],"1":[8,54]},"_coverageSchema":"1a1c01bbd47fc00a2c39e90264f33305004495a9","hash":"199ee7e3c2119fea8207317aa9c6724942a2de9e"}
,"/Users/raudelgar86/Documents/Javascritp/sandbox/react-projects/react-test-projects/udemy/bonnie-course/jotto-redux/src/reducers/rootReducer.js": {"path":"/Users/raudelgar86/Documents/Javascritp/sandbox/react-projects/react-test-projects/udemy/bonnie-course/jotto-redux/src/reducers/rootReducer.js","statementMap":{},"fnMap":{},"branchMap":{},"s":{},"f":{},"b":{},"_coverageSchema":"1a1c01bbd47fc00a2c39e90264f33305004495a9","hash":"b8fac7785456e03614d629219b784cdc91432ff4"}
,"/Users/raudelgar86/Documents/Javascritp/sandbox/react-projects/react-test-projects/udemy/bonnie-course/jotto-redux/src/reducers/secretWordReducer.js": {"path":"/Users/raudelgar86/Documents/Javascritp/sandbox/react-projects/react-test-projects/udemy/bonnie-course/jotto-redux/src/reducers/secretWordReducer.js","statementMap":{"0":{"start":{"line":9,"column":1},"end":{"line":14,"column":2}},"1":{"start":{"line":11,"column":3},"end":{"line":11,"column":18}},"2":{"start":{"line":13,"column":3},"end":{"line":13,"column":16}}},"fnMap":{"0":{"name":"secretWordReducer","decl":{"start":{"line":8,"column":16},"end":{"line":8,"column":33}},"loc":{"start":{"line":8,"column":67},"end":{"line":15,"column":1}},"line":8}},"branchMap":{"0":{"loc":{"start":{"line":8,"column":34},"end":{"line":8,"column":46}},"type":"default-arg","locations":[{"start":{"line":8,"column":42},"end":{"line":8,"column":46}}],"line":8},"1":{"loc":{"start":{"line":9,"column":1},"end":{"line":14,"column":2}},"type":"switch","locations":[{"start":{"line":10,"column":2},"end":{"line":11,"column":18}},{"start":{"line":12,"column":2},"end":{"line":13,"column":16}}],"line":9}},"s":{"0":62,"1":1,"2":61},"f":{"0":62},"b":{"0":[41],"1":[1,61]},"_coverageSchema":"1a1c01bbd47fc00a2c39e90264f33305004495a9","hash":"a347a56d64c99a0e09743a7f000f3f65b6cc951a"}
,"/Users/raudelgar86/Documents/Javascritp/sandbox/react-projects/react-test-projects/udemy/bonnie-course/jotto-redux/src/reducers/successReducer.js": {"path":"/Users/raudelgar86/Documents/Javascritp/sandbox/react-projects/react-test-projects/udemy/bonnie-course/jotto-redux/src/reducers/successReducer.js","statementMap":{"0":{"start":{"line":9,"column":1},"end":{"line":14,"column":2}},"1":{"start":{"line":11,"column":3},"end":{"line":11,"column":15}},"2":{"start":{"line":13,"column":3},"end":{"line":13,"column":16}}},"fnMap":{"0":{"name":"successReducer","decl":{"start":{"line":8,"column":16},"end":{"line":8,"column":30}},"loc":{"start":{"line":8,"column":65},"end":{"line":15,"column":1}},"line":8}},"branchMap":{"0":{"loc":{"start":{"line":8,"column":31},"end":{"line":8,"column":44}},"type":"default-arg","locations":[{"start":{"line":8,"column":39},"end":{"line":8,"column":44}}],"line":8},"1":{"loc":{"start":{"line":9,"column":1},"end":{"line":14,"column":2}},"type":"switch","locations":[{"start":{"line":10,"column":2},"end":{"line":11,"column":15}},{"start":{"line":12,"column":2},"end":{"line":13,"column":16}}],"line":9}},"s":{"0":64,"1":5,"2":59},"f":{"0":64},"b":{"0":[47],"1":[5,59]},"_coverageSchema":"1a1c01bbd47fc00a2c39e90264f33305004495a9","hash":"e7ea2c6fe56a07b68302e1f5ce205fc94a61c3f7"}
,"/Users/raudelgar86/Documents/Javascritp/sandbox/react-projects/react-test-projects/udemy/bonnie-course/jotto-redux/src/redux/configureStore.js": {"path":"/Users/raudelgar86/Documents/Javascritp/sandbox/react-projects/react-test-projects/udemy/bonnie-course/jotto-redux/src/redux/configureStore.js","statementMap":{"0":{"start":{"line":5,"column":25},"end":{"line":5,"column":79}},"1":{"start":{"line":7,"column":26},"end":{"line":7,"column":38}},"2":{"start":{"line":8,"column":34},"end":{"line":8,"column":95}}},"fnMap":{},"branchMap":{"0":{"loc":{"start":{"line":5,"column":25},"end":{"line":5,"column":79}},"type":"binary-expr","locations":[{"start":{"line":5,"column":25},"end":{"line":5,"column":68}},{"start":{"line":5,"column":72},"end":{"line":5,"column":79}}],"line":5}},"s":{"0":10,"1":10,"2":10},"f":{},"b":{"0":[10,10]},"_coverageSchema":"1a1c01bbd47fc00a2c39e90264f33305004495a9","hash":"eb98b8eba429a029fe943ecb55a2da62a4b005f9"}
,"/Users/raudelgar86/Documents/Javascritp/sandbox/react-projects/react-test-projects/udemy/bonnie-course/jotto-redux/src/utils/helpers.js": {"path":"/Users/raudelgar86/Documents/Javascritp/sandbox/react-projects/react-test-projects/udemy/bonnie-course/jotto-redux/src/utils/helpers.js","statementMap":{"0":{"start":{"line":9,"column":35},"end":{"line":16,"column":1}},"1":{"start":{"line":10,"column":1},"end":{"line":12,"column":2}},"2":{"start":{"line":11,"column":2},"end":{"line":11,"column":11}},"3":{"start":{"line":13,"column":19},"end":{"line":13,"column":48}},"4":{"start":{"line":14,"column":17},"end":{"line":14,"column":44}},"5":{"start":{"line":15,"column":1},"end":{"line":15,"column":62}},"6":{"start":{"line":15,"column":38},"end":{"line":15,"column":53}}},"fnMap":{"0":{"name":"(anonymous_0)","decl":{"start":{"line":9,"column":35},"end":{"line":9,"column":36}},"loc":{"start":{"line":9,"column":53},"end":{"line":16,"column":1}},"line":9},"1":{"name":"(anonymous_1)","decl":{"start":{"line":15,"column":30},"end":{"line":15,"column":31}},"loc":{"start":{"line":15,"column":38},"end":{"line":15,"column":53}},"line":15}},"branchMap":{"0":{"loc":{"start":{"line":10,"column":1},"end":{"line":12,"column":2}},"type":"if","locations":[{"start":{"line":10,"column":1},"end":{"line":12,"column":2}},{"start":{"line":10,"column":1},"end":{"line":12,"column":2}}],"line":10}},"s":{"0":10,"1":13,"2":1,"3":12,"4":12,"5":12,"6":60},"f":{"0":13,"1":60},"b":{"0":[1,12]},"_coverageSchema":"1a1c01bbd47fc00a2c39e90264f33305004495a9","hash":"0517a9d879f028490290819193a838d67e153581"}
}
