TN:
SF:src/App.js
FN:9,(anonymous_0)
FN:10,(anonymous_1)
FN:11,(anonymous_2)
FN:12,(anonymous_3)
FN:15,(anonymous_4)
FNF:5
FNH:3
FNDA:4,(anonymous_0)
FNDA:4,(anonymous_1)
FNDA:0,(anonymous_2)
FNDA:0,(anonymous_3)
FNDA:4,(anonymous_4)
DA:9,1
DA:10,4
DA:11,4
DA:12,4
DA:13,4
DA:15,4
DA:16,4
DA:19,4
LF:8
LH:8
BRF:0
BRH:0
end_of_record
TN:
SF:src/index.js
FNF:0
FNH:0
DA:11,0
DA:23,0
LF:2
LH:0
BRF:0
BRH:0
end_of_record
TN:
SF:src/reportWebVitals.js
FN:1,(anonymous_0)
FN:3,(anonymous_1)
FNF:2
FNH:0
FNDA:0,(anonymous_0)
FNDA:0,(anonymous_1)
DA:1,0
DA:2,0
DA:3,0
DA:4,0
DA:5,0
DA:6,0
DA:7,0
DA:8,0
LF:8
LH:0
BRDA:2,0,0,0
BRDA:2,0,1,0
BRDA:2,1,0,0
BRDA:2,1,1,0
BRF:4
BRH:0
end_of_record
TN:
SF:src/actions/actions.js
FN:14,correctGuess
FN:24,guessWord
FN:25,(anonymous_2)
FN:47,getSecretWord
FN:48,(anonymous_4)
FN:51,(anonymous_5)
FNF:6
FNH:6
FNDA:1,correctGuess
FNDA:9,guessWord
FNDA:8,(anonymous_2)
FNDA:5,getSecretWord
FNDA:1,(anonymous_4)
FNDA:1,(anonymous_5)
DA:4,10
DA:15,1
DA:25,9
DA:26,8
DA:27,8
DA:28,8
DA:35,8
DA:36,4
DA:48,5
DA:49,1
DA:52,1
LF:11
LH:11
BRDA:35,0,0,4
BRDA:35,0,1,4
BRF:2
BRH:2
end_of_record
TN:
SF:src/components/congrats/Congrats.js
FN:9,(anonymous_0)
FNF:1
FNH:1
FNDA:7,(anonymous_0)
DA:9,2
DA:10,7
DA:11,6
DA:13,1
DA:20,2
LF:5
LH:5
BRDA:10,0,0,6
BRDA:10,0,1,1
BRF:2
BRH:2
end_of_record
TN:
SF:src/components/guesswords/GuessWords.js
FN:10,(anonymous_0)
FN:19,(anonymous_1)
FNF:2
FNH:2
FNDA:9,(anonymous_0)
FNDA:9,(anonymous_1)
DA:10,2
DA:12,9
DA:13,6
DA:19,3
DA:20,9
DA:25,3
DA:41,9
DA:44,2
LF:8
LH:8
BRDA:10,0,0,4
BRDA:12,1,0,6
BRDA:12,1,1,3
BRF:3
BRH:3
end_of_record
TN:
SF:src/components/input/Input.js
FN:8,(anonymous_0)
FN:9,(anonymous_1)
FN:11,(anonymous_2)
FNF:3
FNH:3
FNDA:9,(anonymous_0)
FNDA:5,(anonymous_1)
FNDA:1,(anonymous_2)
DA:8,2
DA:9,9
DA:10,9
DA:11,9
DA:12,1
DA:14,9
DA:15,8
DA:40,1
LF:8
LH:8
BRDA:14,0,0,8
BRDA:14,0,1,1
BRF:2
BRH:2
end_of_record
TN:
SF:src/components/input/InputComponent.js
FN:5,(anonymous_0)
FN:10,(anonymous_1)
FNF:2
FNH:2
FNDA:6,(anonymous_0)
FNDA:6,(anonymous_1)
DA:6,6
DA:10,6
LF:2
LH:2
BRF:0
BRH:0
end_of_record
TN:
SF:src/reducers/guessedWordsReducer.js
FN:8,guessedWordsReducer
FNF:1
FNH:1
FNDA:62,guessedWordsReducer
DA:9,62
DA:11,8
DA:13,54
LF:3
LH:3
BRDA:8,0,0,43
BRDA:9,1,0,8
BRDA:9,1,1,54
BRF:3
BRH:3
end_of_record
TN:
SF:src/reducers/rootReducer.js
FNF:0
FNH:0
LF:0
LH:0
BRF:0
BRH:0
end_of_record
TN:
SF:src/reducers/secretWordReducer.js
FN:8,secretWordReducer
FNF:1
FNH:1
FNDA:62,secretWordReducer
DA:9,62
DA:11,1
DA:13,61
LF:3
LH:3
BRDA:8,0,0,41
BRDA:9,1,0,1
BRDA:9,1,1,61
BRF:3
BRH:3
end_of_record
TN:
SF:src/reducers/successReducer.js
FN:8,successReducer
FNF:1
FNH:1
FNDA:64,successReducer
DA:9,64
DA:11,5
DA:13,59
LF:3
LH:3
BRDA:8,0,0,47
BRDA:9,1,0,5
BRDA:9,1,1,59
BRF:3
BRH:3
end_of_record
TN:
SF:src/redux/configureStore.js
FNF:0
FNH:0
DA:5,10
DA:7,10
DA:8,10
LF:3
LH:3
BRDA:5,0,0,10
BRDA:5,0,1,10
BRF:2
BRH:2
end_of_record
TN:
SF:src/utils/helpers.js
FN:9,(anonymous_0)
FN:15,(anonymous_1)
FNF:2
FNH:2
FNDA:13,(anonymous_0)
FNDA:60,(anonymous_1)
DA:9,10
DA:10,13
DA:11,1
DA:13,12
DA:14,12
DA:15,60
LF:6
LH:6
BRDA:10,0,0,1
BRDA:10,0,1,12
BRF:2
BRH:2
end_of_record
